<?xml version="1.0" encoding="UTF-8"?>
<testng-results skipped="0" failed="0" total="1" passed="1">
  <reporter-output>
  </reporter-output>
  <suite name="Default suite" duration-ms="73537" started-at="2019-09-22T06:26:02Z" finished-at="2019-09-22T06:27:16Z">
    <groups>
    </groups>
    <test name="Default test" duration-ms="73537" started-at="2019-09-22T06:26:02Z" finished-at="2019-09-22T06:27:16Z">
      <class name="MyJenkinsTest.MyJenkinsDemo">
        <test-method status="PASS" signature="VerifyTitle()[pri:0, instance:MyJenkinsTest.MyJenkinsDemo@614c5515]" name="VerifyTitle" duration-ms="73515" started-at="2019-09-22T11:56:02Z" finished-at="2019-09-22T11:57:16Z">
          <reporter-output>
          </reporter-output>
        </test-method> <!-- VerifyTitle -->
      </class> <!-- MyJenkinsTest.MyJenkinsDemo -->
    </test> <!-- Default test -->
  </suite> <!-- Default suite -->
</testng-results>
