<?xml version="1.0" encoding="UTF-8"?>
<testng-results skipped="0" failed="0" ignored="0" total="1" passed="1">
  <reporter-output>
  </reporter-output>
  <suite name="Default suite" duration-ms="16269" started-at="2019-09-14T08:10:29Z" finished-at="2019-09-14T08:10:45Z">
    <groups>
    </groups>
    <test name="Default test" duration-ms="16269" started-at="2019-09-14T08:10:29Z" finished-at="2019-09-14T08:10:45Z">
      <class name="MyJenkinsTest.MyJenkinsDemo">
        <test-method status="PASS" signature="VerifyTitle()[pri:0, instance:MyJenkinsTest.MyJenkinsDemo@ae45eb6]" name="VerifyTitle" duration-ms="16223" started-at="2019-09-14T08:10:29Z" finished-at="2019-09-14T08:10:45Z">
          <reporter-output>
          </reporter-output>
        </test-method> <!-- VerifyTitle -->
      </class> <!-- MyJenkinsTest.MyJenkinsDemo -->
    </test> <!-- Default test -->
  </suite> <!-- Default suite -->
</testng-results>
